Using pre-set license
Built from '2022.3/staging' branch; Version is '2022.3.8f1 (b5eafc012955) revision 11922172'; Using compiler version '192829333'; Build Type 'Release'
OS: 'Windows 11  (10.0.22621) 64bit Core' Language: 'en' Physical Memory: 32508 MB
BatchMode: 1, IsHumanControllingUs: 0, StartBugReporterOnCrash: 0, Is64bit: 1, IsPro: 1

COMMAND LINE ARGUMENTS:
C:\Program Files\Unity\Hub\Editor\2022.3.8f1\Editor\Unity.exe
-adb2
-batchMode
-noUpm
-name
AssetImportWorker1
-projectPath
D:/Cloud/OneDrive/3Project/Code/CS526/Essentials 3D
-logFile
Logs/AssetImportWorker1.log
-srvPort
10884
Successfully changed project path to: D:/Cloud/OneDrive/3Project/Code/CS526/Essentials 3D
D:/Cloud/OneDrive/3Project/Code/CS526/Essentials 3D
[UnityMemory] Configuration Parameters - Can be set up in boot.config
    "memorysetup-bucket-allocator-granularity=16"
    "memorysetup-bucket-allocator-bucket-count=8"
    "memorysetup-bucket-allocator-block-size=33554432"
    "memorysetup-bucket-allocator-block-count=8"
    "memorysetup-main-allocator-block-size=16777216"
    "memorysetup-thread-allocator-block-size=16777216"
    "memorysetup-gfx-main-allocator-block-size=16777216"
    "memorysetup-gfx-thread-allocator-block-size=16777216"
    "memorysetup-cache-allocator-block-size=4194304"
    "memorysetup-typetree-allocator-block-size=2097152"
    "memorysetup-profiler-bucket-allocator-granularity=16"
    "memorysetup-profiler-bucket-allocator-bucket-count=8"
    "memorysetup-profiler-bucket-allocator-block-size=33554432"
    "memorysetup-profiler-bucket-allocator-block-count=8"
    "memorysetup-profiler-allocator-block-size=16777216"
    "memorysetup-profiler-editor-allocator-block-size=1048576"
    "memorysetup-temp-allocator-size-main=16777216"
    "memorysetup-job-temp-allocator-block-size=2097152"
    "memorysetup-job-temp-allocator-block-size-background=1048576"
    "memorysetup-job-temp-allocator-reduction-small-platforms=262144"
    "memorysetup-allocator-temp-initial-block-size-main=262144"
    "memorysetup-allocator-temp-initial-block-size-worker=262144"
    "memorysetup-temp-allocator-size-background-worker=32768"
    "memorysetup-temp-allocator-size-job-worker=262144"
    "memorysetup-temp-allocator-size-preload-manager=33554432"
    "memorysetup-temp-allocator-size-nav-mesh-worker=65536"
    "memorysetup-temp-allocator-size-audio-worker=65536"
    "memorysetup-temp-allocator-size-cloud-worker=32768"
    "memorysetup-temp-allocator-size-gi-baking-worker=262144"
    "memorysetup-temp-allocator-size-gfx=262144"
Player connection [1844] Host "[IP] 192.168.56.1 [Port] 0 [Flags] 2 [Guid] 326022909 [EditorId] 326022909 [Version] 1048832 [Id] WindowsEditor(7,Gu-Windows) [Debug] 1 [PackageName] WindowsEditor [ProjectName] Editor" joined multi-casting on [225.0.0.222:54997]...

Player connection [1844] Host "[IP] 192.168.56.1 [Port] 0 [Flags] 2 [Guid] 326022909 [EditorId] 326022909 [Version] 1048832 [Id] WindowsEditor(7,Gu-Windows) [Debug] 1 [PackageName] WindowsEditor [ProjectName] Editor" joined alternative multi-casting on [225.0.0.222:34997]...

[Physics::Module] Initialized MultithreadedJobDispatcher with 19 workers.
Refreshing native plugins compatible for Editor in 6.07 ms, found 3 plugins.
Preloading 0 native plugins for Editor in 0.00 ms.
Initialize engine version: 2022.3.8f1 (b5eafc012955)
[Subsystems] Discovering subsystems at path C:/Program Files/Unity/Hub/Editor/2022.3.8f1/Editor/Data/Resources/UnitySubsystems
[Subsystems] Discovering subsystems at path D:/Cloud/OneDrive/3Project/Code/CS526/Essentials 3D/Assets
GfxDevice: creating device client; threaded=0; jobified=0
Direct3D:
    Version:  Direct3D 11.0 [level 11.1]
    Renderer: NVIDIA GeForce RTX 3070 Ti Laptop GPU (ID=0x24a0)
    Vendor:   NVIDIA
    VRAM:     8031 MB
    Driver:   31.0.15.3114
Initialize mono
Mono path[0] = 'C:/Program Files/Unity/Hub/Editor/2022.3.8f1/Editor/Data/Managed'
Mono path[1] = 'C:/Program Files/Unity/Hub/Editor/2022.3.8f1/Editor/Data/MonoBleedingEdge/lib/mono/unityjit-win32'
Mono config path = 'C:/Program Files/Unity/Hub/Editor/2022.3.8f1/Editor/Data/MonoBleedingEdge/etc'
Using monoOptions --debugger-agent=transport=dt_socket,embedding=1,server=y,suspend=n,address=127.0.0.1:56040
Begin MonoManager ReloadAssembly
Registering precompiled unity dll's ...
Register platform support module: C:/Program Files/Unity/Hub/Editor/2022.3.8f1/Editor/Data/PlaybackEngines/WebGLSupport/UnityEditor.WebGL.Extensions.dll
Register platform support module: C:/Program Files/Unity/Hub/Editor/2022.3.8f1/Editor/Data/PlaybackEngines/WindowsStandaloneSupport/UnityEditor.WindowsStandalone.Extensions.dll
Registered in 0.007613 seconds.
- Loaded All Assemblies, in  0.325 seconds
Native extension for WindowsStandalone target not found
Native extension for WebGL target not found
Mono: successfully reloaded assembly
- Finished resetting the current domain, in  0.236 seconds
Domain Reload Profiling: 559ms
	BeginReloadAssembly (102ms)
		ExecutionOrderSort (0ms)
		DisableScriptedObjects (0ms)
		BackupInstance (0ms)
		ReleaseScriptingObjects (0ms)
		CreateAndSetChildDomain (1ms)
	RebuildCommonClasses (31ms)
	RebuildNativeTypeToScriptingClass (9ms)
	initialDomainReloadingComplete (53ms)
	LoadAllAssembliesAndSetupDomain (127ms)
		LoadAssemblies (99ms)
		RebuildTransferFunctionScriptingTraits (0ms)
		AnalyzeDomain (126ms)
			TypeCache.Refresh (125ms)
				TypeCache.ScanAssembly (113ms)
			ScanForSourceGeneratedMonoScriptInfo (0ms)
			ResolveRequiredComponents (0ms)
	FinalizeReload (236ms)
		ReleaseScriptCaches (0ms)
		RebuildScriptCaches (0ms)
		SetupLoadedEditorAssemblies (182ms)
			LogAssemblyErrors (0ms)
			InitializePlatformSupportModulesInManaged (13ms)
			SetLoadedEditorAssemblies (5ms)
			RefreshPlugins (0ms)
			BeforeProcessingInitializeOnLoad (2ms)
			ProcessInitializeOnLoadAttributes (116ms)
			ProcessInitializeOnLoadMethodAttributes (46ms)
			AfterProcessingInitializeOnLoad (0ms)
			EditorAssembliesLoaded (0ms)
		ExecutionOrderSort2 (0ms)
		AwakeInstancesAfterBackupRestoration (0ms)
========================================================================
Worker process is ready to serve import requests
Begin MonoManager ReloadAssembly
- Loaded All Assemblies, in  0.628 seconds
Refreshing native plugins compatible for Editor in 2.04 ms, found 3 plugins.
Native extension for WindowsStandalone target not found
Native extension for WebGL target not found
Package Manager log level set to [2]
[Package Manager] Server::EnsureServerProcessIsRunning -- launch failed, reason: Unity was launched with the -noUpm command-line argument
[Package Manager] UpmClient::Send -- Unable to send message (not connected to UPM process).
[Package Manager] Cannot connect to Unity Package Manager local server
Mono: successfully reloaded assembly
- Finished resetting the current domain, in  0.503 seconds
Domain Reload Profiling: 1129ms
	BeginReloadAssembly (144ms)
		ExecutionOrderSort (0ms)
		DisableScriptedObjects (5ms)
		BackupInstance (0ms)
		ReleaseScriptingObjects (0ms)
		CreateAndSetChildDomain (21ms)
	RebuildCommonClasses (30ms)
	RebuildNativeTypeToScriptingClass (9ms)
	initialDomainReloadingComplete (37ms)
	LoadAllAssembliesAndSetupDomain (406ms)
		LoadAssemblies (332ms)
		RebuildTransferFunctionScriptingTraits (0ms)
		AnalyzeDomain (158ms)
			TypeCache.Refresh (139ms)
				TypeCache.ScanAssembly (126ms)
			ScanForSourceGeneratedMonoScriptInfo (14ms)
			ResolveRequiredComponents (3ms)
	FinalizeReload (504ms)
		ReleaseScriptCaches (0ms)
		RebuildScriptCaches (0ms)
		SetupLoadedEditorAssemblies (368ms)
			LogAssemblyErrors (0ms)
			InitializePlatformSupportModulesInManaged (7ms)
			SetLoadedEditorAssemblies (3ms)
			RefreshPlugins (0ms)
			BeforeProcessingInitializeOnLoad (49ms)
			ProcessInitializeOnLoadAttributes (286ms)
			ProcessInitializeOnLoadMethodAttributes (16ms)
			AfterProcessingInitializeOnLoad (7ms)
			EditorAssembliesLoaded (0ms)
		ExecutionOrderSort2 (0ms)
		AwakeInstancesAfterBackupRestoration (9ms)
Launched and connected shader compiler UnityShaderCompiler.exe after 0.08 seconds
Refreshing native plugins compatible for Editor in 3.50 ms, found 3 plugins.
Preloading 0 native plugins for Editor in 0.00 ms.
Unloading 3087 Unused Serialized files (Serialized files now loaded: 0)
Unloading 32 unused Assets / (57.0 KB). Loaded Objects now: 3548.
Memory consumption went from 115.0 MB to 114.9 MB.
Total: 3.612000 ms (FindLiveObjects: 0.197400 ms CreateObjectMapping: 0.092200 ms MarkObjects: 3.184100 ms  DeleteObjects: 0.136800 ms)

AssetImportParameters requested are different than current active one (requested -> active):
  custom:container-demuxer-ogg: 62fdf1f143b41e24485cea50d1cbac27 -> 
  custom:video-decoder-ogg-theora: a1e56fd34408186e4bbccfd4996cb3dc -> 
  custom:framework-win-MediaFoundation: 216162199b28c13a410421893ffa2e32 -> 
  custom:CustomObjectIndexerAttribute: 756ad292c208cfabdd7b50bc23989ffe -> 
  custom:container-demuxer-webm: 4f35f7cbe854078d1ac9338744f61a02 -> 
  custom:container-muxer-webm: aa71ff27fc2769a1b78a27578f13a17b -> 
  custom:video-decoder-webm-vp8: 9c59270c3fd7afecdb556c50c9e8de78 -> 
  custom:SearchIndexIgnoredProperties: e643bd26f0fe6173181afceb89e7c659 -> 
  custom:AudioImporter_EditorPlatform: d09bf68614088b80899f8185d706f6e7 -> 
  custom:video-encoder-webm-vp8: eb34c28f22e8b96e1ab97ce403110664 -> 
  custom:audio-decoder-ogg-vorbis: bf7c407c2cedff20999df2af8eb42d56 -> 
  custom:audio-encoder-webm-vorbis: bf7c407c2cedff20999df2af8eb42d56 -> 
========================================================================
Received Import Request.
  Time since last request: 31551.718535 seconds.
  path: Assets/New Folder
  artifactKey: Guid(6020d1e3e884981459d76ef81053ea68) Importer(815301076,1909f56bfc062723c751e8b465ee728b)
Start importing Assets/New Folder using Guid(6020d1e3e884981459d76ef81053ea68) Importer(815301076,1909f56bfc062723c751e8b465ee728b)  -> (artifact id: 'f8e1cc7cff1a18aa96b592bcabca541e') in 0.004695 seconds
Number of updated asset objects reloaded before import = 0
Number of asset objects unloaded after import = 0
========================================================================
Received Prepare
Begin MonoManager ReloadAssembly
- Loaded All Assemblies, in  0.380 seconds
Refreshing native plugins compatible for Editor in 1.56 ms, found 3 plugins.
Native extension for WindowsStandalone target not found
Native extension for WebGL target not found
[Package Manager] Server::EnsureServerProcessIsRunning -- launch failed, reason: Unity was launched with the -noUpm command-line argument
[Package Manager] UpmClient::Send -- Unable to send message (not connected to UPM process).
[Package Manager] Cannot connect to Unity Package Manager local server
Mono: successfully reloaded assembly
- Finished resetting the current domain, in  0.721 seconds
Domain Reload Profiling: 1100ms
	BeginReloadAssembly (143ms)
		ExecutionOrderSort (0ms)
		DisableScriptedObjects (4ms)
		BackupInstance (0ms)
		ReleaseScriptingObjects (0ms)
		CreateAndSetChildDomain (26ms)
	RebuildCommonClasses (36ms)
	RebuildNativeTypeToScriptingClass (9ms)
	initialDomainReloadingComplete (33ms)
	LoadAllAssembliesAndSetupDomain (157ms)
		LoadAssemblies (234ms)
		RebuildTransferFunctionScriptingTraits (0ms)
		AnalyzeDomain (9ms)
			TypeCache.Refresh (5ms)
				TypeCache.ScanAssembly (0ms)
			ScanForSourceGeneratedMonoScriptInfo (0ms)
			ResolveRequiredComponents (3ms)
	FinalizeReload (721ms)
		ReleaseScriptCaches (0ms)
		RebuildScriptCaches (0ms)
		SetupLoadedEditorAssemblies (327ms)
			LogAssemblyErrors (0ms)
			InitializePlatformSupportModulesInManaged (6ms)
			SetLoadedEditorAssemblies (3ms)
			RefreshPlugins (0ms)
			BeforeProcessingInitializeOnLoad (47ms)
			ProcessInitializeOnLoadAttributes (247ms)
			ProcessInitializeOnLoadMethodAttributes (18ms)
			AfterProcessingInitializeOnLoad (6ms)
			EditorAssembliesLoaded (0ms)
		ExecutionOrderSort2 (0ms)
		AwakeInstancesAfterBackupRestoration (8ms)
Refreshing native plugins compatible for Editor in 2.62 ms, found 3 plugins.
Preloading 0 native plugins for Editor in 0.00 ms.
Unloading 3079 Unused Serialized files (Serialized files now loaded: 0)
Unloading 23 unused Assets / (31.0 KB). Loaded Objects now: 3551.
Memory consumption went from 113.7 MB to 113.7 MB.
Total: 4.576100 ms (FindLiveObjects: 0.257400 ms CreateObjectMapping: 0.110300 ms MarkObjects: 4.149600 ms  DeleteObjects: 0.057300 ms)

Prepare: number of updated asset objects reloaded= 0
AssetImportParameters requested are different than current active one (requested -> active):
  custom:container-demuxer-ogg: 62fdf1f143b41e24485cea50d1cbac27 -> 
  custom:video-decoder-ogg-theora: a1e56fd34408186e4bbccfd4996cb3dc -> 
  custom:framework-win-MediaFoundation: 216162199b28c13a410421893ffa2e32 -> 
  custom:CustomObjectIndexerAttribute: 756ad292c208cfabdd7b50bc23989ffe -> 
  custom:container-demuxer-webm: 4f35f7cbe854078d1ac9338744f61a02 -> 
  custom:container-muxer-webm: aa71ff27fc2769a1b78a27578f13a17b -> 
  custom:video-decoder-webm-vp8: 9c59270c3fd7afecdb556c50c9e8de78 -> 
  custom:SearchIndexIgnoredProperties: e643bd26f0fe6173181afceb89e7c659 -> 
  custom:AudioImporter_EditorPlatform: d09bf68614088b80899f8185d706f6e7 -> 
  custom:video-encoder-webm-vp8: eb34c28f22e8b96e1ab97ce403110664 -> 
  custom:audio-decoder-ogg-vorbis: bf7c407c2cedff20999df2af8eb42d56 -> 
  custom:audio-encoder-webm-vorbis: bf7c407c2cedff20999df2af8eb42d56 -> 
========================================================================
Received Prepare
Begin MonoManager ReloadAssembly
- Loaded All Assemblies, in  0.370 seconds
Refreshing native plugins compatible for Editor in 1.48 ms, found 3 plugins.
Native extension for WindowsStandalone target not found
Native extension for WebGL target not found
[Package Manager] Server::EnsureServerProcessIsRunning -- launch failed, reason: Unity was launched with the -noUpm command-line argument
[Package Manager] UpmClient::Send -- Unable to send message (not connected to UPM process).
[Package Manager] Cannot connect to Unity Package Manager local server
Mono: successfully reloaded assembly
- Finished resetting the current domain, in  0.710 seconds
Domain Reload Profiling: 1079ms
	BeginReloadAssembly (176ms)
		ExecutionOrderSort (0ms)
		DisableScriptedObjects (3ms)
		BackupInstance (0ms)
		ReleaseScriptingObjects (0ms)
		CreateAndSetChildDomain (41ms)
	RebuildCommonClasses (28ms)
	RebuildNativeTypeToScriptingClass (7ms)
	initialDomainReloadingComplete (20ms)
	LoadAllAssembliesAndSetupDomain (138ms)
		LoadAssemblies (228ms)
		RebuildTransferFunctionScriptingTraits (0ms)
		AnalyzeDomain (8ms)
			TypeCache.Refresh (4ms)
				TypeCache.ScanAssembly (0ms)
			ScanForSourceGeneratedMonoScriptInfo (0ms)
			ResolveRequiredComponents (3ms)
	FinalizeReload (710ms)
		ReleaseScriptCaches (0ms)
		RebuildScriptCaches (0ms)
		SetupLoadedEditorAssemblies (339ms)
			LogAssemblyErrors (0ms)
			InitializePlatformSupportModulesInManaged (6ms)
			SetLoadedEditorAssemblies (3ms)
			RefreshPlugins (0ms)
			BeforeProcessingInitializeOnLoad (47ms)
			ProcessInitializeOnLoadAttributes (255ms)
			ProcessInitializeOnLoadMethodAttributes (19ms)
			AfterProcessingInitializeOnLoad (8ms)
			EditorAssembliesLoaded (0ms)
		ExecutionOrderSort2 (0ms)
		AwakeInstancesAfterBackupRestoration (10ms)
Refreshing native plugins compatible for Editor in 3.47 ms, found 3 plugins.
Preloading 0 native plugins for Editor in 0.00 ms.
Unloading 3080 Unused Serialized files (Serialized files now loaded: 0)
Unloading 23 unused Assets / (31.0 KB). Loaded Objects now: 3554.
Memory consumption went from 114.0 MB to 114.0 MB.
Total: 3.286500 ms (FindLiveObjects: 0.164500 ms CreateObjectMapping: 0.078600 ms MarkObjects: 2.993900 ms  DeleteObjects: 0.048500 ms)

Prepare: number of updated asset objects reloaded= 0
AssetImportParameters requested are different than current active one (requested -> active):
  custom:container-demuxer-ogg: 62fdf1f143b41e24485cea50d1cbac27 -> 
  custom:video-decoder-ogg-theora: a1e56fd34408186e4bbccfd4996cb3dc -> 
  custom:framework-win-MediaFoundation: 216162199b28c13a410421893ffa2e32 -> 
  custom:CustomObjectIndexerAttribute: 756ad292c208cfabdd7b50bc23989ffe -> 
  custom:container-demuxer-webm: 4f35f7cbe854078d1ac9338744f61a02 -> 
  custom:container-muxer-webm: aa71ff27fc2769a1b78a27578f13a17b -> 
  custom:video-decoder-webm-vp8: 9c59270c3fd7afecdb556c50c9e8de78 -> 
  custom:SearchIndexIgnoredProperties: e643bd26f0fe6173181afceb89e7c659 -> 
  custom:AudioImporter_EditorPlatform: d09bf68614088b80899f8185d706f6e7 -> 
  custom:video-encoder-webm-vp8: eb34c28f22e8b96e1ab97ce403110664 -> 
  custom:audio-decoder-ogg-vorbis: bf7c407c2cedff20999df2af8eb42d56 -> 
  custom:audio-encoder-webm-vorbis: bf7c407c2cedff20999df2af8eb42d56 -> 
========================================================================
Received Import Request.
  Time since last request: 1172.729225 seconds.
  path: Assets/Materials/BrickMaterial.mat
  artifactKey: Guid(6ecaadb96a1ceef4e8e8437767b5c7e1) Importer(815301076,1909f56bfc062723c751e8b465ee728b)
Start importing Assets/Materials/BrickMaterial.mat using Guid(6ecaadb96a1ceef4e8e8437767b5c7e1) Importer(815301076,1909f56bfc062723c751e8b465ee728b)  -> (artifact id: '0c43690a9be463b2bf199d28bc8d37c6') in 0.215736 seconds
Number of updated asset objects reloaded before import = 0
Number of asset objects unloaded after import = 2
========================================================================
Received Import Request.
  Time since last request: 405.154941 seconds.
  path: Assets/Ground textures pack/Grass 04/Grass pattern 04.mat
  artifactKey: Guid(059cceb0ba6e50741bfe6ec2c755d5f4) Importer(815301076,1909f56bfc062723c751e8b465ee728b)
Start importing Assets/Ground textures pack/Grass 04/Grass pattern 04.mat using Guid(059cceb0ba6e50741bfe6ec2c755d5f4) Importer(815301076,1909f56bfc062723c751e8b465ee728b)  -> (artifact id: '7a1284745659ea8515568a6e23731eed') in 0.127625 seconds
Number of updated asset objects reloaded before import = 0
Number of asset objects unloaded after import = 3
========================================================================
Received Import Request.
  Time since last request: 87.150148 seconds.
  path: Assets/Materials/BrickMaterial.mat
  artifactKey: Guid(6ecaadb96a1ceef4e8e8437767b5c7e1) Importer(2089858483,0ecaa5967403d082aa24f35e1b516d23)
Start importing Assets/Materials/BrickMaterial.mat using Guid(6ecaadb96a1ceef4e8e8437767b5c7e1) Importer(2089858483,0ecaa5967403d082aa24f35e1b516d23) Generated GUIDs only implemented for interfaces!
 -> (artifact id: 'a4384b7918f6a956ecdcf1df540e276a') in 0.111068 seconds
Number of updated asset objects reloaded before import = 0
Number of asset objects unloaded after import = 2
========================================================================
Received Import Request.
  Time since last request: 0.017167 seconds.
  path: Assets/Materials/Solid Blue.mat
  artifactKey: Guid(01308793addee254c9ae0e625c4d526c) Importer(2089858483,0ecaa5967403d082aa24f35e1b516d23)
Start importing Assets/Materials/Solid Blue.mat using Guid(01308793addee254c9ae0e625c4d526c) Importer(2089858483,0ecaa5967403d082aa24f35e1b516d23) Generated GUIDs only implemented for interfaces!
 -> (artifact id: '9d5afe3f2d6ca96c697167f0c073029a') in 0.005062 seconds
Number of updated asset objects reloaded before import = 0
Number of asset objects unloaded after import = 1
========================================================================
Received Import Request.
  Time since last request: 0.076516 seconds.
  path: Assets/Ground textures pack/Dry ground/normal.tga
  artifactKey: Guid(af579c7a89d15d24eb8c925a43a236cf) Importer(2089858483,0ecaa5967403d082aa24f35e1b516d23)
Start importing Assets/Ground textures pack/Dry ground/normal.tga using Guid(af579c7a89d15d24eb8c925a43a236cf) Importer(2089858483,0ecaa5967403d082aa24f35e1b516d23) Generated GUIDs only implemented for interfaces!
 -> (artifact id: 'bdef15c76b71142489d10dbd1c2146ce') in 0.057165 seconds
Number of updated asset objects reloaded before import = 0
Number of asset objects unloaded after import = 1
========================================================================
Received Import Request.
  Time since last request: 0.028368 seconds.
  path: Assets/Ground textures pack/Grass & dead leafs 01/diffuse.tga
  artifactKey: Guid(46c9b2c471a59f24cbe88eae93a32f60) Importer(2089858483,0ecaa5967403d082aa24f35e1b516d23)
Start importing Assets/Ground textures pack/Grass & dead leafs 01/diffuse.tga using Guid(46c9b2c471a59f24cbe88eae93a32f60) Importer(2089858483,0ecaa5967403d082aa24f35e1b516d23) Generated GUIDs only implemented for interfaces!
 -> (artifact id: '751d0abe0da113582f37967509ae4f98') in 0.015909 seconds
Number of updated asset objects reloaded before import = 0
Number of asset objects unloaded after import = 1
========================================================================
Received Import Request.
  Time since last request: 0.000101 seconds.
  path: Assets/Ground textures pack/Grass & dead leafs 01/Grass & dead leafs pattern 01.mat
  artifactKey: Guid(893960384de673345a82517892b28bc7) Importer(2089858483,0ecaa5967403d082aa24f35e1b516d23)
Start importing Assets/Ground textures pack/Grass & dead leafs 01/Grass & dead leafs pattern 01.mat using Guid(893960384de673345a82517892b28bc7) Importer(2089858483,0ecaa5967403d082aa24f35e1b516d23) Generated GUIDs only implemented for interfaces!
 -> (artifact id: '119b0f76085b8d51ef9ea0378b5a05ec') in 0.006633 seconds
Number of updated asset objects reloaded before import = 0
Number of asset objects unloaded after import = 3
========================================================================
Received Import Request.
  Time since last request: 0.000068 seconds.
  path: Assets/Ground textures pack/Dry ground/Dry ground pattern.mat
  artifactKey: Guid(d805d830c4023774cb6259aca09f431e) Importer(2089858483,0ecaa5967403d082aa24f35e1b516d23)
Start importing Assets/Ground textures pack/Dry ground/Dry ground pattern.mat using Guid(d805d830c4023774cb6259aca09f431e) Importer(2089858483,0ecaa5967403d082aa24f35e1b516d23) Generated GUIDs only implemented for interfaces!
 -> (artifact id: '7a30d31c1371fe6b601069ab291f9e3c') in 0.009885 seconds
Number of updated asset objects reloaded before import = 0
Number of asset objects unloaded after import = 3
========================================================================
Received Import Request.
  Time since last request: 0.000021 seconds.
  path: Assets/Materials/Herringbone_Brick_baseColor.png
  artifactKey: Guid(6607db04a6c856c40bbb6bc7871a42c0) Importer(2089858483,0ecaa5967403d082aa24f35e1b516d23)
Start importing Assets/Materials/Herringbone_Brick_baseColor.png using Guid(6607db04a6c856c40bbb6bc7871a42c0) Importer(2089858483,0ecaa5967403d082aa24f35e1b516d23) Generated GUIDs only implemented for interfaces!
 -> (artifact id: '0a94a5f194b3a2cc7bc3e1e24723ee35') in 0.015590 seconds
Number of updated asset objects reloaded before import = 0
Number of asset objects unloaded after import = 1
========================================================================
Received Import Request.
  Time since last request: 0.447936 seconds.
  path: Assets/Ground textures pack/Grass & dead leafs 02/Grass & dead leafs pattern 02.mat
  artifactKey: Guid(020b997e4fa23c74297e208cd649319c) Importer(2089858483,0ecaa5967403d082aa24f35e1b516d23)
Start importing Assets/Ground textures pack/Grass & dead leafs 02/Grass & dead leafs pattern 02.mat using Guid(020b997e4fa23c74297e208cd649319c) Importer(2089858483,0ecaa5967403d082aa24f35e1b516d23) Generated GUIDs only implemented for interfaces!
 -> (artifact id: 'f1ec63db3cc0c3808bb151c3c42c7eec') in 0.007425 seconds
Number of updated asset objects reloaded before import = 0
Number of asset objects unloaded after import = 3
========================================================================
Received Import Request.
  Time since last request: 0.000047 seconds.
  path: Assets/Ground textures pack/Grass 05/Grass pattern 05.mat
  artifactKey: Guid(49c3c02661a83fd42b33859cfbf9a17d) Importer(2089858483,0ecaa5967403d082aa24f35e1b516d23)
Start importing Assets/Ground textures pack/Grass 05/Grass pattern 05.mat using Guid(49c3c02661a83fd42b33859cfbf9a17d) Importer(2089858483,0ecaa5967403d082aa24f35e1b516d23) Generated GUIDs only implemented for interfaces!
 -> (artifact id: 'd58befbb885b5bb92f8f7b00c29e8ec7') in 0.006654 seconds
Number of updated asset objects reloaded before import = 0
Number of asset objects unloaded after import = 3
========================================================================
Received Import Request.
  Time since last request: 0.000017 seconds.
  path: Assets/Ground textures pack/Grass 03/normal.tga
  artifactKey: Guid(9cb8a98194aa15642b2ceaa3011ccde3) Importer(2089858483,0ecaa5967403d082aa24f35e1b516d23)
Start importing Assets/Ground textures pack/Grass 03/normal.tga using Guid(9cb8a98194aa15642b2ceaa3011ccde3) Importer(2089858483,0ecaa5967403d082aa24f35e1b516d23) Generated GUIDs only implemented for interfaces!
 -> (artifact id: '088d5419e044fb7545f7b46241082424') in 0.018548 seconds
Number of updated asset objects reloaded before import = 0
Number of asset objects unloaded after import = 1
========================================================================
Received Import Request.
  Time since last request: 0.000057 seconds.
  path: Assets/Ground textures pack/Grass & rocks/Grass & rocks pattern.mat
  artifactKey: Guid(fedc75da63b32e249bccd7450cd29351) Importer(2089858483,0ecaa5967403d082aa24f35e1b516d23)
Start importing Assets/Ground textures pack/Grass & rocks/Grass & rocks pattern.mat using Guid(fedc75da63b32e249bccd7450cd29351) Importer(2089858483,0ecaa5967403d082aa24f35e1b516d23) Generated GUIDs only implemented for interfaces!
 -> (artifact id: 'e55483ec08c8f9911ee15b51dcae9d5b') in 0.008291 seconds
Number of updated asset objects reloaded before import = 0
Number of asset objects unloaded after import = 3
========================================================================
Received Import Request.
  Time since last request: 0.000014 seconds.
  path: Assets/Ground textures pack/Ground & rocks 01/normal.tga
  artifactKey: Guid(7d7d59aaca791d54c9726e6b4e1feb61) Importer(2089858483,0ecaa5967403d082aa24f35e1b516d23)
Start importing Assets/Ground textures pack/Ground & rocks 01/normal.tga using Guid(7d7d59aaca791d54c9726e6b4e1feb61) Importer(2089858483,0ecaa5967403d082aa24f35e1b516d23) Generated GUIDs only implemented for interfaces!
 -> (artifact id: '0e66f0cbc13ce20523f74483ac167e73') in 0.022539 seconds
Number of updated asset objects reloaded before import = 0
Number of asset objects unloaded after import = 1
========================================================================
Received Import Request.
  Time since last request: 0.000034 seconds.
  path: Assets/Ground textures pack/Ground & rocks 03/preview.jpg
  artifactKey: Guid(451182d55aea8cb4e90af164a14e8bee) Importer(2089858483,0ecaa5967403d082aa24f35e1b516d23)
Start importing Assets/Ground textures pack/Ground & rocks 03/preview.jpg using Guid(451182d55aea8cb4e90af164a14e8bee) Importer(2089858483,0ecaa5967403d082aa24f35e1b516d23) Generated GUIDs only implemented for interfaces!
 -> (artifact id: 'ec95b1e5ba9d2bcf0b8106d2529bf675') in 0.015267 seconds
Number of updated asset objects reloaded before import = 0
Number of asset objects unloaded after import = 1
========================================================================
Received Import Request.
  Time since last request: 0.000181 seconds.
  path: Assets/Ground textures pack/Grass 03/preview.jpg
  artifactKey: Guid(9074a9b5ce95d5b4eb1a31e80b0a0a41) Importer(2089858483,0ecaa5967403d082aa24f35e1b516d23)
Start importing Assets/Ground textures pack/Grass 03/preview.jpg using Guid(9074a9b5ce95d5b4eb1a31e80b0a0a41) Importer(2089858483,0ecaa5967403d082aa24f35e1b516d23) Generated GUIDs only implemented for interfaces!
 -> (artifact id: 'ad022e8a2790d75ed66b2c19dafdf5e2') in 0.017130 seconds
Number of updated asset objects reloaded before import = 0
Number of asset objects unloaded after import = 1
========================================================================
Received Import Request.
  Time since last request: 0.000128 seconds.
  path: Assets/Ground textures pack/Ground & rocks 01/diffuse.tga
  artifactKey: Guid(1d1ca9b1ff6a5ce4bbac09d301d51462) Importer(2089858483,0ecaa5967403d082aa24f35e1b516d23)
Start importing Assets/Ground textures pack/Ground & rocks 01/diffuse.tga using Guid(1d1ca9b1ff6a5ce4bbac09d301d51462) Importer(2089858483,0ecaa5967403d082aa24f35e1b516d23) Generated GUIDs only implemented for interfaces!
 -> (artifact id: 'fe819e410418c904cdb8d4d3ccb8983e') in 0.016362 seconds
Number of updated asset objects reloaded before import = 0
Number of asset objects unloaded after import = 1
========================================================================
Received Import Request.
  Time since last request: 0.000227 seconds.
  path: Assets/Ground textures pack/Ground & weeds/Ground & weeds.mat
  artifactKey: Guid(5674184a87d87e54ca8047426601a57b) Importer(2089858483,0ecaa5967403d082aa24f35e1b516d23)
Start importing Assets/Ground textures pack/Ground & weeds/Ground & weeds.mat using Guid(5674184a87d87e54ca8047426601a57b) Importer(2089858483,0ecaa5967403d082aa24f35e1b516d23) Generated GUIDs only implemented for interfaces!
 -> (artifact id: 'eb5fd6f127415593d582110e18dd05d4') in 0.008016 seconds
Number of updated asset objects reloaded before import = 0
Number of asset objects unloaded after import = 3
========================================================================
Received Import Request.
  Time since last request: 0.000014 seconds.
  path: Assets/Ground textures pack/Lava/emissive.tga
  artifactKey: Guid(c65e186198f501046a0aba89c6335cac) Importer(2089858483,0ecaa5967403d082aa24f35e1b516d23)
Start importing Assets/Ground textures pack/Lava/emissive.tga using Guid(c65e186198f501046a0aba89c6335cac) Importer(2089858483,0ecaa5967403d082aa24f35e1b516d23) Generated GUIDs only implemented for interfaces!
 -> (artifact id: '2f26608caf57f94dc9e80155c7c39c1c') in 0.020964 seconds
Number of updated asset objects reloaded before import = 0
Number of asset objects unloaded after import = 1
========================================================================
Received Import Request.
  Time since last request: 0.000046 seconds.
  path: Assets/Ground textures pack/Ground & weeds/preview.jpg
  artifactKey: Guid(0eea7651b99559648ab8929cb28e591a) Importer(2089858483,0ecaa5967403d082aa24f35e1b516d23)
Start importing Assets/Ground textures pack/Ground & weeds/preview.jpg using Guid(0eea7651b99559648ab8929cb28e591a) Importer(2089858483,0ecaa5967403d082aa24f35e1b516d23) Generated GUIDs only implemented for interfaces!
 -> (artifact id: 'a4c0ae62fa92dff72738e7cdf0a256e0') in 0.022263 seconds
Number of updated asset objects reloaded before import = 0
Number of asset objects unloaded after import = 1
========================================================================
Received Import Request.
  Time since last request: 0.000131 seconds.
  path: Assets/Ground textures pack/Ground 01/preview.jpg
  artifactKey: Guid(4e395003c6632ab4a8ad3a08d72ccb21) Importer(2089858483,0ecaa5967403d082aa24f35e1b516d23)
Start importing Assets/Ground textures pack/Ground 01/preview.jpg using Guid(4e395003c6632ab4a8ad3a08d72ccb21) Importer(2089858483,0ecaa5967403d082aa24f35e1b516d23) Generated GUIDs only implemented for interfaces!
 -> (artifact id: 'f15d633f4180f714073ba2911332a7a0') in 0.014957 seconds
Number of updated asset objects reloaded before import = 0
Number of asset objects unloaded after import = 1
========================================================================
Received Import Request.
  Time since last request: 0.000115 seconds.
  path: Assets/Ground textures pack/Grass 05/normal.tga
  artifactKey: Guid(f0ec40764219f3f4787df1c70bacf45b) Importer(2089858483,0ecaa5967403d082aa24f35e1b516d23)
Start importing Assets/Ground textures pack/Grass 05/normal.tga using Guid(f0ec40764219f3f4787df1c70bacf45b) Importer(2089858483,0ecaa5967403d082aa24f35e1b516d23) Generated GUIDs only implemented for interfaces!
 -> (artifact id: '514527b2bb8c3b290c97aa32a7651f04') in 0.020335 seconds
Number of updated asset objects reloaded before import = 0
Number of asset objects unloaded after import = 1
========================================================================
Received Import Request.
  Time since last request: 0.000014 seconds.
  path: Assets/Ground textures pack/Grass 05/diffuse.tga
  artifactKey: Guid(f0a8168310b10da4faedc474bb26c20f) Importer(2089858483,0ecaa5967403d082aa24f35e1b516d23)
Start importing Assets/Ground textures pack/Grass 05/diffuse.tga using Guid(f0a8168310b10da4faedc474bb26c20f) Importer(2089858483,0ecaa5967403d082aa24f35e1b516d23) Generated GUIDs only implemented for interfaces!
 -> (artifact id: '79ee533f49eb254b153995e47daa5f02') in 0.019979 seconds
Number of updated asset objects reloaded before import = 0
Number of asset objects unloaded after import = 1
========================================================================
Received Import Request.
  Time since last request: 0.000019 seconds.
  path: Assets/Ground textures pack/Grass 04/Grass pattern 04.mat
  artifactKey: Guid(059cceb0ba6e50741bfe6ec2c755d5f4) Importer(2089858483,0ecaa5967403d082aa24f35e1b516d23)
Start importing Assets/Ground textures pack/Grass 04/Grass pattern 04.mat using Guid(059cceb0ba6e50741bfe6ec2c755d5f4) Importer(2089858483,0ecaa5967403d082aa24f35e1b516d23) Generated GUIDs only implemented for interfaces!
 -> (artifact id: 'ac144b05b06ad880da8fb99f2d4d1c0e') in 0.009662 seconds
Number of updated asset objects reloaded before import = 0
Number of asset objects unloaded after import = 3
========================================================================
Received Import Request.
  Time since last request: 0.000017 seconds.
  path: Assets/Ground textures pack/Grass 01/preview.jpg
  artifactKey: Guid(c70f0b4ce904a324c8c6dbe6d66251e6) Importer(2089858483,0ecaa5967403d082aa24f35e1b516d23)
Start importing Assets/Ground textures pack/Grass 01/preview.jpg using Guid(c70f0b4ce904a324c8c6dbe6d66251e6) Importer(2089858483,0ecaa5967403d082aa24f35e1b516d23) Generated GUIDs only implemented for interfaces!
 -> (artifact id: 'e08c7051b224ac047a222315105fcb31') in 0.019021 seconds
Number of updated asset objects reloaded before import = 0
Number of asset objects unloaded after import = 1
========================================================================
Received Import Request.
  Time since last request: 0.000070 seconds.
  path: Assets/Ground textures pack/Grass & dead leafs 02/preview.jpg
  artifactKey: Guid(a9151bfe4152f2748846a0fa52b216be) Importer(2089858483,0ecaa5967403d082aa24f35e1b516d23)
Start importing Assets/Ground textures pack/Grass & dead leafs 02/preview.jpg using Guid(a9151bfe4152f2748846a0fa52b216be) Importer(2089858483,0ecaa5967403d082aa24f35e1b516d23) Generated GUIDs only implemented for interfaces!
 -> (artifact id: '89f252b035b4a1f0d8b7850148ec42c1') in 0.022055 seconds
Number of updated asset objects reloaded before import = 0
Number of asset objects unloaded after import = 1
========================================================================
Received Import Request.
  Time since last request: 0.000068 seconds.
  path: Assets/Ground textures pack/Ground & rocks 02/Ground & rocks pattern 02.mat
  artifactKey: Guid(e7268e596932cb541834f57d320a4677) Importer(2089858483,0ecaa5967403d082aa24f35e1b516d23)
Start importing Assets/Ground textures pack/Ground & rocks 02/Ground & rocks pattern 02.mat using Guid(e7268e596932cb541834f57d320a4677) Importer(2089858483,0ecaa5967403d082aa24f35e1b516d23) Generated GUIDs only implemented for interfaces!
 -> (artifact id: 'd76805645c6f3787de3108a14cd4f2c3') in 0.009694 seconds
Number of updated asset objects reloaded before import = 0
Number of asset objects unloaded after import = 3
========================================================================
Received Import Request.
  Time since last request: 0.000025 seconds.
  path: Assets/Ground textures pack/Ground & rocks 01/preview.jpg
  artifactKey: Guid(e09d437bd6053754dbacb0da105aa9cb) Importer(2089858483,0ecaa5967403d082aa24f35e1b516d23)
Start importing Assets/Ground textures pack/Ground & rocks 01/preview.jpg using Guid(e09d437bd6053754dbacb0da105aa9cb) Importer(2089858483,0ecaa5967403d082aa24f35e1b516d23) Generated GUIDs only implemented for interfaces!
 -> (artifact id: '261ffe71b949b918720398e99f9d388e') in 0.015488 seconds
Number of updated asset objects reloaded before import = 0
Number of asset objects unloaded after import = 1
========================================================================
Received Import Request.
  Time since last request: 0.000099 seconds.
  path: Assets/Ground textures pack/Ground 02/preview.jpg
  artifactKey: Guid(37779bd72b60e0d4395ece867eb81c63) Importer(2089858483,0ecaa5967403d082aa24f35e1b516d23)
Start importing Assets/Ground textures pack/Ground 02/preview.jpg using Guid(37779bd72b60e0d4395ece867eb81c63) Importer(2089858483,0ecaa5967403d082aa24f35e1b516d23) Generated GUIDs only implemented for interfaces!
 -> (artifact id: '946ffad07cfdead385db34fcd37d069e') in 0.019033 seconds
Number of updated asset objects reloaded before import = 0
Number of asset objects unloaded after import = 1
========================================================================
Received Import Request.
  Time since last request: 0.000028 seconds.
  path: Assets/Ground textures pack/Ground 02/normal.tga
  artifactKey: Guid(bf5346a62bd7d0b43a30d8188cf4163e) Importer(2089858483,0ecaa5967403d082aa24f35e1b516d23)
Start importing Assets/Ground textures pack/Ground 02/normal.tga using Guid(bf5346a62bd7d0b43a30d8188cf4163e) Importer(2089858483,0ecaa5967403d082aa24f35e1b516d23) Generated GUIDs only implemented for interfaces!
 -> (artifact id: 'c675a85f84b16d99d3bf6de2c34d14f6') in 0.019101 seconds
Number of updated asset objects reloaded before import = 0
Number of asset objects unloaded after import = 1
========================================================================
Received Import Request.
  Time since last request: 0.000140 seconds.
  path: Assets/Ground textures pack/Ground 02/Ground pattern 02.mat
  artifactKey: Guid(36508c771463abf43b7135d9539897e7) Importer(2089858483,0ecaa5967403d082aa24f35e1b516d23)
Start importing Assets/Ground textures pack/Ground 02/Ground pattern 02.mat using Guid(36508c771463abf43b7135d9539897e7) Importer(2089858483,0ecaa5967403d082aa24f35e1b516d23) Generated GUIDs only implemented for interfaces!
 -> (artifact id: 'a84eff1fa2d4f19f00bcb936c299a0d5') in 0.007324 seconds
Number of updated asset objects reloaded before import = 0
Number of asset objects unloaded after import = 3
========================================================================
Received Import Request.
  Time since last request: 0.000019 seconds.
  path: Assets/Ground textures pack/Grass 06/normal.tga
  artifactKey: Guid(d06c19850ee13bf4086860fd02cf417d) Importer(2089858483,0ecaa5967403d082aa24f35e1b516d23)
Start importing Assets/Ground textures pack/Grass 06/normal.tga using Guid(d06c19850ee13bf4086860fd02cf417d) Importer(2089858483,0ecaa5967403d082aa24f35e1b516d23) Generated GUIDs only implemented for interfaces!
 -> (artifact id: '11db427c0a0c2efa63555d0b7fe6bb71') in 0.023898 seconds
Number of updated asset objects reloaded before import = 0
Number of asset objects unloaded after import = 1
========================================================================
Received Import Request.
  Time since last request: 0.000084 seconds.
  path: Assets/Ground textures pack/Ground & moss/Ground & moss pattern.mat
  artifactKey: Guid(5558b5711d37782468eeee5c2880e7d8) Importer(2089858483,0ecaa5967403d082aa24f35e1b516d23)
Start importing Assets/Ground textures pack/Ground & moss/Ground & moss pattern.mat using Guid(5558b5711d37782468eeee5c2880e7d8) Importer(2089858483,0ecaa5967403d082aa24f35e1b516d23) Generated GUIDs only implemented for interfaces!
 -> (artifact id: '8fa5bd44e9597a963f792a424cf7fdd1') in 0.006478 seconds
Number of updated asset objects reloaded before import = 0
Number of asset objects unloaded after import = 3
========================================================================
Received Import Request.
  Time since last request: 0.000112 seconds.
  path: Assets/Ground textures pack/Grass 02/preview.jpg
  artifactKey: Guid(c3f3938c7c9e3d746a4d01269c0e3bbe) Importer(2089858483,0ecaa5967403d082aa24f35e1b516d23)
Start importing Assets/Ground textures pack/Grass 02/preview.jpg using Guid(c3f3938c7c9e3d746a4d01269c0e3bbe) Importer(2089858483,0ecaa5967403d082aa24f35e1b516d23) Generated GUIDs only implemented for interfaces!
 -> (artifact id: '8c6f28b81f521ff9a549f970db36d352') in 0.014993 seconds
Number of updated asset objects reloaded before import = 0
Number of asset objects unloaded after import = 1
========================================================================
Received Import Request.
  Time since last request: 0.000092 seconds.
  path: Assets/Ground textures pack/Grass 03/Grass pattern 03.mat
  artifactKey: Guid(d86005a29439b7541ade84523818db1a) Importer(2089858483,0ecaa5967403d082aa24f35e1b516d23)
Start importing Assets/Ground textures pack/Grass 03/Grass pattern 03.mat using Guid(d86005a29439b7541ade84523818db1a) Importer(2089858483,0ecaa5967403d082aa24f35e1b516d23) Generated GUIDs only implemented for interfaces!
 -> (artifact id: '6426b05550f345499e2920420da46888') in 0.008934 seconds
Number of updated asset objects reloaded before import = 0
Number of asset objects unloaded after import = 3
========================================================================
Received Import Request.
  Time since last request: 0.000017 seconds.
  path: Assets/Ground textures pack/Grass 03/diffuse.tga
  artifactKey: Guid(e9866699a4ddce642b7da4aeaa74d279) Importer(2089858483,0ecaa5967403d082aa24f35e1b516d23)
Start importing Assets/Ground textures pack/Grass 03/diffuse.tga using Guid(e9866699a4ddce642b7da4aeaa74d279) Importer(2089858483,0ecaa5967403d082aa24f35e1b516d23) Generated GUIDs only implemented for interfaces!
 -> (artifact id: 'ed727351d72f09d41e4768c2f662329f') in 0.018537 seconds
Number of updated asset objects reloaded before import = 0
Number of asset objects unloaded after import = 1
========================================================================
Received Import Request.
  Time since last request: 0.000015 seconds.
  path: Assets/Ground textures pack/Ground & moss/diffuse.tga
  artifactKey: Guid(62bf058d0f2f5df4da1f61da15013f34) Importer(2089858483,0ecaa5967403d082aa24f35e1b516d23)
Start importing Assets/Ground textures pack/Ground & moss/diffuse.tga using Guid(62bf058d0f2f5df4da1f61da15013f34) Importer(2089858483,0ecaa5967403d082aa24f35e1b516d23) Generated GUIDs only implemented for interfaces!
 -> (artifact id: '5b278f83215534139e471da87e6aff1e') in 0.017096 seconds
Number of updated asset objects reloaded before import = 0
Number of asset objects unloaded after import = 1
========================================================================
Received Import Request.
  Time since last request: 0.000149 seconds.
  path: Assets/Ground textures pack/Grass 06/preview.jpg
  artifactKey: Guid(923d402301de9714eb824d8234c30919) Importer(2089858483,0ecaa5967403d082aa24f35e1b516d23)
Start importing Assets/Ground textures pack/Grass 06/preview.jpg using Guid(923d402301de9714eb824d8234c30919) Importer(2089858483,0ecaa5967403d082aa24f35e1b516d23) Generated GUIDs only implemented for interfaces!
 -> (artifact id: '21de696d0f238709537243bcb4321d98') in 0.016402 seconds
Number of updated asset objects reloaded before import = 0
Number of asset objects unloaded after import = 1
========================================================================
Received Import Request.
  Time since last request: 0.000032 seconds.
  path: Assets/Ground textures pack/Ground & rocks 03/diffuse.tga
  artifactKey: Guid(117cca91456049f4692a3becee93522e) Importer(2089858483,0ecaa5967403d082aa24f35e1b516d23)
Start importing Assets/Ground textures pack/Ground & rocks 03/diffuse.tga using Guid(117cca91456049f4692a3becee93522e) Importer(2089858483,0ecaa5967403d082aa24f35e1b516d23) Generated GUIDs only implemented for interfaces!
 -> (artifact id: 'c83e5023e3ce462274f4afc3866bd4b3') in 0.017250 seconds
Number of updated asset objects reloaded before import = 0
Number of asset objects unloaded after import = 1
========================================================================
Received Import Request.
  Time since last request: 0.000078 seconds.
  path: Assets/Ground textures pack/Ground & rocks 02/preview.jpg
  artifactKey: Guid(54092c753f93b1c42b7b1cd5f3333f93) Importer(2089858483,0ecaa5967403d082aa24f35e1b516d23)
Start importing Assets/Ground textures pack/Ground & rocks 02/preview.jpg using Guid(54092c753f93b1c42b7b1cd5f3333f93) Importer(2089858483,0ecaa5967403d082aa24f35e1b516d23) Generated GUIDs only implemented for interfaces!
 -> (artifact id: '7a9b78cb043887b9494c2cd15e182f9b') in 0.016028 seconds
Number of updated asset objects reloaded before import = 0
Number of asset objects unloaded after import = 1
========================================================================
Received Import Request.
  Time since last request: 0.000071 seconds.
  path: Assets/Ground textures pack/Lava/diffuse.tga
  artifactKey: Guid(cc2d009b31ce2134a9438a34a78632a0) Importer(2089858483,0ecaa5967403d082aa24f35e1b516d23)
Start importing Assets/Ground textures pack/Lava/diffuse.tga using Guid(cc2d009b31ce2134a9438a34a78632a0) Importer(2089858483,0ecaa5967403d082aa24f35e1b516d23) Generated GUIDs only implemented for interfaces!
 -> (artifact id: 'e9e62684497b2fa6efd23f90c695685b') in 0.016335 seconds
Number of updated asset objects reloaded before import = 0
Number of asset objects unloaded after import = 1
========================================================================
Received Import Request.
  Time since last request: 0.000064 seconds.
  path: Assets/Ground textures pack/Grass 05/preview.jpg
  artifactKey: Guid(3f700d4069d83574ea6db821b3f8c561) Importer(2089858483,0ecaa5967403d082aa24f35e1b516d23)
Start importing Assets/Ground textures pack/Grass 05/preview.jpg using Guid(3f700d4069d83574ea6db821b3f8c561) Importer(2089858483,0ecaa5967403d082aa24f35e1b516d23) Generated GUIDs only implemented for interfaces!
 -> (artifact id: '11db0f7936c0d37aad3356f2c042bc59') in 0.017888 seconds
Number of updated asset objects reloaded before import = 0
Number of asset objects unloaded after import = 1
========================================================================
Received Import Request.
  Time since last request: 0.000171 seconds.
  path: Assets/Ground textures pack/Grass 04/preview.jpg
  artifactKey: Guid(023e18c83e08fe848a850693dc1cf60a) Importer(2089858483,0ecaa5967403d082aa24f35e1b516d23)
Start importing Assets/Ground textures pack/Grass 04/preview.jpg using Guid(023e18c83e08fe848a850693dc1cf60a) Importer(2089858483,0ecaa5967403d082aa24f35e1b516d23) Generated GUIDs only implemented for interfaces!
 -> (artifact id: '39b89445e21e500c6824eaa06db4514f') in 0.018172 seconds
Number of updated asset objects reloaded before import = 0
Number of asset objects unloaded after import = 1
Editor requested this worker to shutdown with reason: Scaling down because of idle timeout
TcpMessagingSession - receive error: operation aborted. errorcode: 995, details: The I/O operation has been aborted because of either a thread exit or an application request.
AssetImportWorker is now disconnected from the server
Process exiting
Exiting without the bug reporter. Application will terminate with return code 0